<?xml version="1.0" encoding="UTF-8"?>
<!-- Generated by org.testng.reporters.JUnitReportReporter -->
<testsuite hostname="LAPTOP-HHVVK8NV" name="day01.ahead" tests="1" failures="0" timestamp="5 Mar 2019 07:08:37 GMT" time="0.006" errors="0">
  <testcase name="open" time="0.006" classname="day01.ahead"/>
</testsuite> <!-- day01.ahead -->
