<?xml version="1.0" encoding="UTF-8"?>
<!-- Generated by org.testng.reporters.JUnitReportReporter -->
<testsuite hostname="LAPTOP-HHVVK8NV" name="day07.yunsuantestng" tests="3" failures="0" timestamp="2 Jan 2019 03:31:08 GMT" time="0.013" errors="0">
  <testcase name="Aadd" time="0.001" classname="day07.yunsuantestng"/>
  <testcase name="Aadd" time="0.012" classname="day07.yunsuantestng"/>
  <testcase name="Aadd" time="0.000" classname="day07.yunsuantestng"/>
</testsuite> <!-- day07.yunsuantestng -->
