<?xml version="1.0" encoding="UTF-8"?>
<!-- Generated by org.testng.reporters.JUnitReportReporter -->
<testsuite hostname="LAPTOP-HHVVK8NV" name="day05.yunsuantestng" tests="4" failures="0" timestamp="29 Dec 2018 02:48:19 GMT" time="0.013" errors="0">
  <testcase name="Bsub" time="0.001" classname="day05.yunsuantestng"/>
  <testcase name="Dchu" time="0.001" classname="day05.yunsuantestng"/>
  <testcase name="Aadd" time="0.007" classname="day05.yunsuantestng"/>
  <testcase name="Ccheng" time="0.004" classname="day05.yunsuantestng"/>
</testsuite> <!-- day05.yunsuantestng -->
