<?xml version="1.0" encoding="UTF-8"?>
<!-- Generated by org.testng.reporters.JUnitReportReporter -->
<testsuite hostname="LAPTOP-HHVVK8NV" name="day05.practice1Testng" tests="2" failures="0" timestamp="29 Dec 2018 02:48:19 GMT" time="0.004" errors="0">
  <testcase name="chu1" time="0.002" classname="day05.practice1Testng"/>
  <testcase name="chu" time="0.002" classname="day05.practice1Testng"/>
</testsuite> <!-- day05.practice1Testng -->
