<?xml version="1.0" encoding="UTF-8"?>
<!-- Generated by org.testng.reporters.JUnitReportReporter -->
<testsuite hostname="LAPTOP-HHVVK8NV" name="day07.NewTest" tests="1" failures="0" timestamp="2 Jan 2019 01:55:35 GMT" time="0.017" errors="0">
  <testcase name="f" time="0.017" classname="day07.NewTest"/>
</testsuite> <!-- day07.NewTest -->
