<?xml version="1.0" encoding="UTF-8"?>
<!-- Generated by org.testng.reporters.JUnitReportReporter -->
<testsuite hostname="LAPTOP-HHVVK8NV" name="com.testcase.tikutestcase" tests="1" failures="0" timestamp="4 Mar 2019 06:46:32 GMT" time="11.373" errors="0">
  <testcase name="tiku" time="11.373" classname="com.testcase.tikutestcase"/>
</testsuite> <!-- com.testcase.tikutestcase -->
