<?xml version="1.0" encoding="UTF-8"?>
<!-- Generated by org.testng.reporters.JUnitReportReporter -->
<testsuite hostname="LAPTOP-HHVVK8NV" name="com.testcase.logintestcase" tests="1" failures="0" timestamp="4 Mar 2019 06:46:32 GMT" time="10.518" errors="0">
  <testcase name="login" time="10.518" classname="com.testcase.logintestcase"/>
</testsuite> <!-- com.testcase.logintestcase -->
